# JRE version: Java(TM) SE Runtime Environment (8.0_144-b01) (build 1.8.0_144-b01)
# Java VM: Java HotSpot(TM) 64-Bit Server VM (25.144-b01 mixed mode bsd-amd64 compressed oops)
Heap:
 PSYoungGen      total 299520K, used 6323K [0x000000076ab00000, 0x000000077f800000, 0x00000007c0000000)
  eden space 262144K, 2% used [0x000000076ab00000,0x000000076b12cc28,0x000000077ab00000)
  from space 37376K, 0% used [0x000000077d380000,0x000000077d380000,0x000000077f800000)
  to   space 39424K, 0% used [0x000000077ab00000,0x000000077ab00000,0x000000077d180000)
 ParOldGen       total 146944K, used 15433K [0x00000006c0000000, 0x00000006c8f80000, 0x000000076ab00000)
  object space 146944K, 10% used [0x00000006c0000000,0x00000006c0f12460,0x00000006c8f80000)
 Metaspace       used 20780K, capacity 21135K, committed 21504K, reserved 1069056K
  class space    used 2415K, capacity 2515K, committed 2560K, reserved 1048576K
GC Heap History (10 events):
Event: 4.142 GC heap before
{Heap before GC invocations=3 (full 0):
 PSYoungGen      total 76288K, used 76273K [0x000000076ab00000, 0x0000000774000000, 0x00000007c0000000)
  eden space 65536K, 100% used [0x000000076ab00000,0x000000076eb00000,0x000000076eb00000)
  from space 10752K, 99% used [0x000000076f580000,0x000000076fffc4b8,0x0000000770000000)
  to   space 10752K, 0% used [0x000000076eb00000,0x000000076eb00000,0x000000076f580000)
 ParOldGen       total 175104K, used 3747K [0x00000006c0000000, 0x00000006cab00000, 0x000000076ab00000)
  object space 175104K, 2% used [0x00000006c0000000,0x00000006c03a8ea8,0x00000006cab00000)
 Metaspace       used 19857K, capacity 20187K, committed 20480K, reserved 1067008K
  class space    used 2331K, capacity 2439K, committed 2560K, reserved 1048576K
Event: 4.162 GC heap after
Heap after GC invocations=3 (full 0):
 PSYoungGen      total 76288K, used 10409K [0x000000076ab00000, 0x0000000774000000, 0x00000007c0000000)
  eden space 65536K, 0% used [0x000000076ab00000,0x000000076ab00000,0x000000076eb00000)
  from space 10752K, 96% used [0x000000076eb00000,0x000000076f52a6d8,0x000000076f580000)
  to   space 10752K, 0% used [0x0000000773580000,0x0000000773580000,0x0000000774000000)
 ParOldGen       total 175104K, used 52971K [0x00000006c0000000, 0x00000006cab00000, 0x000000076ab00000)
  object space 175104K, 30% used [0x00000006c0000000,0x00000006c33baee8,0x00000006cab00000)
 Metaspace       used 19857K, capacity 20187K, committed 20480K, reserved 1067008K
  class space    used 2331K, capacity 2439K, committed 2560K, reserved 1048576K
}
Event: 4.488 GC heap before
{Heap before GC invocations=4 (full 0):
 PSYoungGen      total 76288K, used 75945K [0x000000076ab00000, 0x0000000774000000, 0x00000007c0000000)
  eden space 65536K, 100% used [0x000000076ab00000,0x000000076eb00000,0x000000076eb00000)
  from space 10752K, 96% used [0x000000076eb00000,0x000000076f52a6d8,0x000000076f580000)
  to   space 10752K, 0% used [0x0000000773580000,0x0000000773580000,0x0000000774000000)
 ParOldGen       total 175104K, used 52971K [0x00000006c0000000, 0x00000006cab00000, 0x000000076ab00000)
  object space 175104K, 30% used [0x00000006c0000000,0x00000006c33baee8,0x00000006cab00000)
 Metaspace       used 19909K, capacity 20251K, committed 20480K, reserved 1067008K
  class space    used 2331K, capacity 2439K, committed 2560K, reserved 1048576K
Event: 4.508 GC heap after
Heap after GC invocations=4 (full 0):
 PSYoungGen      total 141824K, used 10746K [0x000000076ab00000, 0x0000000774000000, 0x00000007c0000000)
  eden space 131072K, 0% used [0x000000076ab00000,0x000000076ab00000,0x0000000772b00000)
  from space 10752K, 99% used [0x0000000773580000,0x0000000773ffe8f0,0x0000000774000000)
  to   space 10752K, 0% used [0x0000000772b00000,0x0000000772b00000,0x0000000773580000)
 ParOldGen       total 175104K, used 90236K [0x00000006c0000000, 0x00000006cab00000, 0x000000076ab00000)
  object space 175104K, 51% used [0x00000006c0000000,0x00000006c581f1f8,0x00000006cab00000)
 Metaspace       used 19909K, capacity 20251K, committed 20480K, reserved 1067008K
  class space    used 2331K, capacity 2439K, committed 2560K, reserved 1048576K
}
Event: 5.420 GC heap before
{Heap before GC invocations=5 (full 0):
 PSYoungGen      total 141824K, used 141818K [0x000000076ab00000, 0x0000000774000000, 0x00000007c0000000)
  eden space 131072K, 100% used [0x000000076ab00000,0x0000000772b00000,0x0000000772b00000)
  from space 10752K, 99% used [0x0000000773580000,0x0000000773ffe8f0,0x0000000774000000)
  to   space 10752K, 0% used [0x0000000772b00000,0x0000000772b00000,0x0000000773580000)
 ParOldGen       total 175104K, used 90236K [0x00000006c0000000, 0x00000006cab00000, 0x000000076ab00000)
  object space 175104K, 51% used [0x00000006c0000000,0x00000006c581f1f8,0x00000006cab00000)
 Metaspace       used 20338K, capacity 20691K, committed 20992K, reserved 1067008K
  class space    used 2353K, capacity 2475K, committed 2560K, reserved 1048576K
Event: 5.428 GC heap after
Heap after GC invocations=5 (full 0):
 PSYoungGen      total 141824K, used 9344K [0x000000076ab00000, 0x000000077fc00000, 0x00000007c0000000)
  eden space 131072K, 0% used [0x000000076ab00000,0x000000076ab00000,0x0000000772b00000)
  from space 10752K, 86% used [0x0000000772b00000,0x0000000773420358,0x0000000773580000)
  to   space 41472K, 0% used [0x000000077d380000,0x000000077d380000,0x000000077fc00000)
 ParOldGen       total 175104K, used 90244K [0x00000006c0000000, 0x00000006cab00000, 0x000000076ab00000)
  object space 175104K, 51% used [0x00000006c0000000,0x00000006c58211f8,0x00000006cab00000)
 Metaspace       used 20338K, capacity 20691K, committed 20992K, reserved 1067008K
  class space    used 2353K, capacity 2475K, committed 2560K, reserved 1048576K
}
Event: 6.118 GC heap before
{Heap before GC invocations=6 (full 0):
 PSYoungGen      total 141824K, used 136655K [0x000000076ab00000, 0x000000077fc00000, 0x00000007c0000000)
  eden space 131072K, 97% used [0x000000076ab00000,0x0000000772753998,0x0000000772b00000)
  from space 10752K, 86% used [0x0000000772b00000,0x0000000773420358,0x0000000773580000)
  to   space 41472K, 0% used [0x000000077d380000,0x000000077d380000,0x000000077fc00000)
 ParOldGen       total 175104K, used 90244K [0x00000006c0000000, 0x00000006cab00000, 0x000000076ab00000)
  object space 175104K, 51% used [0x00000006c0000000,0x00000006c58211f8,0x00000006cab00000)
 Metaspace       used 20778K, capacity 21071K, committed 21248K, reserved 1069056K
  class space    used 2415K, capacity 2515K, committed 2560K, reserved 1048576K
Event: 6.127 GC heap after
Heap after GC invocations=6 (full 0):
 PSYoungGen      total 299520K, used 12103K [0x000000076ab00000, 0x000000077f800000, 0x00000007c0000000)
  eden space 262144K, 0% used [0x000000076ab00000,0x000000076ab00000,0x000000077ab00000)
  from space 37376K, 32% used [0x000000077d380000,0x000000077df51df8,0x000000077f800000)
  to   space 39424K, 0% used [0x000000077ab00000,0x000000077ab00000,0x000000077d180000)
 ParOldGen       total 175104K, used 90252K [0x00000006c0000000, 0x00000006cab00000, 0x000000076ab00000)
  object space 175104K, 51% used [0x00000006c0000000,0x00000006c58231f8,0x00000006cab00000)
 Metaspace       used 20778K, capacity 21071K, committed 21248K, reserved 1069056K
  class space    used 2415K, capacity 2515K, committed 2560K, reserved 1048576K
}
Event: 6.127 GC heap before
{Heap before GC invocations=7 (full 1):
 PSYoungGen      total 299520K, used 12103K [0x000000076ab00000, 0x000000077f800000, 0x00000007c0000000)
  eden space 262144K, 0% used [0x000000076ab00000,0x000000076ab00000,0x000000077ab00000)
  from space 37376K, 32% used [0x000000077d380000,0x000000077df51df8,0x000000077f800000)
  to   space 39424K, 0% used [0x000000077ab00000,0x000000077ab00000,0x000000077d180000)
 ParOldGen       total 175104K, used 90252K [0x00000006c0000000, 0x00000006cab00000, 0x000000076ab00000)
  object space 175104K, 51% used [0x00000006c0000000,0x00000006c58231f8,0x00000006cab00000)
 Metaspace       used 20778K, capacity 21071K, committed 21248K, reserved 1069056K
  class space    used 2415K, capacity 2515K, committed 2560K, reserved 1048576K
Event: 6.159 GC heap after
Heap after GC invocations=7 (full 1):
 PSYoungGen      total 299520K, used 0K [0x000000076ab00000, 0x000000077f800000, 0x00000007c0000000)
  eden space 262144K, 0% used [0x000000076ab00000,0x000000076ab00000,0x000000077ab00000)
  from space 37376K, 0% used [0x000000077d380000,0x000000077d380000,0x000000077f800000)
  to   space 39424K, 0% used [0x000000077ab00000,0x000000077ab00000,0x000000077d180000)
 ParOldGen       total 146944K, used 15433K [0x00000006c0000000, 0x00000006c8f80000, 0x000000076ab00000)
  object space 146944K, 10% used [0x00000006c0000000,0x00000006c0f12460,0x00000006c8f80000)
 Metaspace       used 20778K, capacity 21071K, committed 21248K, reserved 1069056K
  class space    used 2415K, capacity 2515K, committed 2560K, reserved 1048576K
}

