# JRE version: Java(TM) SE Runtime Environment (8.0_144-b01) (build 1.8.0_144-b01)
# Java VM: Java HotSpot(TM) 64-Bit Server VM (25.144-b01 mixed mode bsd-amd64 compressed oops)
Heap:
 PSYoungGen      total 324608K, used 6627K [0x000000076ab00000, 0x0000000782b00000, 0x00000007c0000000)
  eden space 262144K, 2% used [0x000000076ab00000,0x000000076b178dd8,0x000000077ab00000)
  from space 62464K, 0% used [0x000000077ee00000,0x000000077ee00000,0x0000000782b00000)
  to   space 65536K, 0% used [0x000000077ab00000,0x000000077ab00000,0x000000077eb00000)
 ParOldGen       total 144384K, used 13579K [0x00000006c0000000, 0x00000006c8d00000, 0x000000076ab00000)
  object space 144384K, 9% used [0x00000006c0000000,0x00000006c0d42f80,0x00000006c8d00000)
 Metaspace       used 20876K, capacity 21199K, committed 21552K, reserved 1069056K
  class space    used 2415K, capacity 2515K, committed 2560K, reserved 1048576K
GC Heap History (10 events):
Event: 4.684 GC heap before
{Heap before GC invocations=3 (full 0):
 PSYoungGen      total 76288K, used 76286K [0x000000076ab00000, 0x0000000774000000, 0x00000007c0000000)
  eden space 65536K, 100% used [0x000000076ab00000,0x000000076eb00000,0x000000076eb00000)
  from space 10752K, 99% used [0x000000076f580000,0x000000076ffff980,0x0000000770000000)
  to   space 10752K, 0% used [0x000000076eb00000,0x000000076eb00000,0x000000076f580000)
 ParOldGen       total 175104K, used 4679K [0x00000006c0000000, 0x00000006cab00000, 0x000000076ab00000)
  object space 175104K, 2% used [0x00000006c0000000,0x00000006c0491da8,0x00000006cab00000)
 Metaspace       used 19972K, capacity 20315K, committed 20480K, reserved 1067008K
  class space    used 2331K, capacity 2439K, committed 2560K, reserved 1048576K
Event: 4.704 GC heap after
Heap after GC invocations=3 (full 0):
 PSYoungGen      total 76288K, used 10748K [0x000000076ab00000, 0x0000000774000000, 0x00000007c0000000)
  eden space 65536K, 0% used [0x000000076ab00000,0x000000076ab00000,0x000000076eb00000)
  from space 10752K, 99% used [0x000000076eb00000,0x000000076f57f268,0x000000076f580000)
  to   space 10752K, 0% used [0x0000000773580000,0x0000000773580000,0x0000000774000000)
 ParOldGen       total 175104K, used 54645K [0x00000006c0000000, 0x00000006cab00000, 0x000000076ab00000)
  object space 175104K, 31% used [0x00000006c0000000,0x00000006c355d6d0,0x00000006cab00000)
 Metaspace       used 19972K, capacity 20315K, committed 20480K, reserved 1067008K
  class space    used 2331K, capacity 2439K, committed 2560K, reserved 1048576K
}
Event: 5.021 GC heap before
{Heap before GC invocations=4 (full 0):
 PSYoungGen      total 76288K, used 76284K [0x000000076ab00000, 0x0000000774000000, 0x00000007c0000000)
  eden space 65536K, 100% used [0x000000076ab00000,0x000000076eb00000,0x000000076eb00000)
  from space 10752K, 99% used [0x000000076eb00000,0x000000076f57f268,0x000000076f580000)
  to   space 10752K, 0% used [0x0000000773580000,0x0000000773580000,0x0000000774000000)
 ParOldGen       total 175104K, used 54645K [0x00000006c0000000, 0x00000006cab00000, 0x000000076ab00000)
  object space 175104K, 31% used [0x00000006c0000000,0x00000006c355d6d0,0x00000006cab00000)
 Metaspace       used 20013K, capacity 20315K, committed 20480K, reserved 1067008K
  class space    used 2331K, capacity 2439K, committed 2560K, reserved 1048576K
Event: 5.039 GC heap after
Heap after GC invocations=4 (full 0):
 PSYoungGen      total 141824K, used 10734K [0x000000076ab00000, 0x0000000774000000, 0x00000007c0000000)
  eden space 131072K, 0% used [0x000000076ab00000,0x000000076ab00000,0x0000000772b00000)
  from space 10752K, 99% used [0x0000000773580000,0x0000000773ffbbc0,0x0000000774000000)
  to   space 10752K, 0% used [0x0000000772b00000,0x0000000772b00000,0x0000000773580000)
 ParOldGen       total 175104K, used 92223K [0x00000006c0000000, 0x00000006cab00000, 0x000000076ab00000)
  object space 175104K, 52% used [0x00000006c0000000,0x00000006c5a0fc50,0x00000006cab00000)
 Metaspace       used 20013K, capacity 20315K, committed 20480K, reserved 1067008K
  class space    used 2331K, capacity 2439K, committed 2560K, reserved 1048576K
}
Event: 5.776 GC heap before
{Heap before GC invocations=5 (full 0):
 PSYoungGen      total 141824K, used 141806K [0x000000076ab00000, 0x0000000774000000, 0x00000007c0000000)
  eden space 131072K, 100% used [0x000000076ab00000,0x0000000772b00000,0x0000000772b00000)
  from space 10752K, 99% used [0x0000000773580000,0x0000000773ffbbc0,0x0000000774000000)
  to   space 10752K, 0% used [0x0000000772b00000,0x0000000772b00000,0x0000000773580000)
 ParOldGen       total 175104K, used 92223K [0x00000006c0000000, 0x00000006cab00000, 0x000000076ab00000)
  object space 175104K, 52% used [0x00000006c0000000,0x00000006c5a0fc50,0x00000006cab00000)
 Metaspace       used 20457K, capacity 20825K, committed 20992K, reserved 1067008K
  class space    used 2354K, capacity 2476K, committed 2560K, reserved 1048576K
Event: 5.785 GC heap after
Heap after GC invocations=5 (full 0):
 PSYoungGen      total 141824K, used 9936K [0x000000076ab00000, 0x0000000783100000, 0x00000007c0000000)
  eden space 131072K, 0% used [0x000000076ab00000,0x000000076ab00000,0x0000000772b00000)
  from space 10752K, 92% used [0x0000000772b00000,0x00000007734b4150,0x0000000773580000)
  to   space 68608K, 0% used [0x000000077ee00000,0x000000077ee00000,0x0000000783100000)
 ParOldGen       total 175104K, used 92231K [0x00000006c0000000, 0x00000006cab00000, 0x000000076ab00000)
  object space 175104K, 52% used [0x00000006c0000000,0x00000006c5a11c50,0x00000006cab00000)
 Metaspace       used 20457K, capacity 20825K, committed 20992K, reserved 1067008K
  class space    used 2354K, capacity 2476K, committed 2560K, reserved 1048576K
}
Event: 6.291 GC heap before
{Heap before GC invocations=6 (full 0):
 PSYoungGen      total 141824K, used 141008K [0x000000076ab00000, 0x0000000783100000, 0x00000007c0000000)
  eden space 131072K, 100% used [0x000000076ab00000,0x0000000772b00000,0x0000000772b00000)
  from space 10752K, 92% used [0x0000000772b00000,0x00000007734b4150,0x0000000773580000)
  to   space 68608K, 0% used [0x000000077ee00000,0x000000077ee00000,0x0000000783100000)
 ParOldGen       total 175104K, used 92231K [0x00000006c0000000, 0x00000006cab00000, 0x000000076ab00000)
  object space 175104K, 52% used [0x00000006c0000000,0x00000006c5a11c50,0x00000006cab00000)
 Metaspace       used 20845K, capacity 21133K, committed 21296K, reserved 1069056K
  class space    used 2406K, capacity 2514K, committed 2560K, reserved 1048576K
Event: 6.305 GC heap after
Heap after GC invocations=6 (full 0):
 PSYoungGen      total 324608K, used 15605K [0x000000076ab00000, 0x0000000782b00000, 0x00000007c0000000)
  eden space 262144K, 0% used [0x000000076ab00000,0x000000076ab00000,0x000000077ab00000)
  from space 62464K, 24% used [0x000000077ee00000,0x000000077fd3d6f8,0x0000000782b00000)
  to   space 65536K, 0% used [0x000000077ab00000,0x000000077ab00000,0x000000077eb00000)
 ParOldGen       total 175104K, used 92239K [0x00000006c0000000, 0x00000006cab00000, 0x000000076ab00000)
  object space 175104K, 52% used [0x00000006c0000000,0x00000006c5a13c50,0x00000006cab00000)
 Metaspace       used 20845K, capacity 21133K, committed 21296K, reserved 1069056K
  class space    used 2406K, capacity 2514K, committed 2560K, reserved 1048576K
}
Event: 6.305 GC heap before
{Heap before GC invocations=7 (full 1):
 PSYoungGen      total 324608K, used 15605K [0x000000076ab00000, 0x0000000782b00000, 0x00000007c0000000)
  eden space 262144K, 0% used [0x000000076ab00000,0x000000076ab00000,0x000000077ab00000)
  from space 62464K, 24% used [0x000000077ee00000,0x000000077fd3d6f8,0x0000000782b00000)
  to   space 65536K, 0% used [0x000000077ab00000,0x000000077ab00000,0x000000077eb00000)
 ParOldGen       total 175104K, used 92239K [0x00000006c0000000, 0x00000006cab00000, 0x000000076ab00000)
  object space 175104K, 52% used [0x00000006c0000000,0x00000006c5a13c50,0x00000006cab00000)
 Metaspace       used 20845K, capacity 21133K, committed 21296K, reserved 1069056K
  class space    used 2406K, capacity 2514K, committed 2560K, reserved 1048576K
Event: 6.335 GC heap after
Heap after GC invocations=7 (full 1):
 PSYoungGen      total 324608K, used 0K [0x000000076ab00000, 0x0000000782b00000, 0x00000007c0000000)
  eden space 262144K, 0% used [0x000000076ab00000,0x000000076ab00000,0x000000077ab00000)
  from space 62464K, 0% used [0x000000077ee00000,0x000000077ee00000,0x0000000782b00000)
  to   space 65536K, 0% used [0x000000077ab00000,0x000000077ab00000,0x000000077eb00000)
 ParOldGen       total 144384K, used 13579K [0x00000006c0000000, 0x00000006c8d00000, 0x000000076ab00000)
  object space 144384K, 9% used [0x00000006c0000000,0x00000006c0d42f80,0x00000006c8d00000)
 Metaspace       used 20845K, capacity 21133K, committed 21296K, reserved 1069056K
  class space    used 2406K, capacity 2514K, committed 2560K, reserved 1048576K
}

